app/build/outputs/logs/manifest-merger-debug-report.txt
-- Merging decision tree log ---
manifest
ADDED from src/main/AndroidManifest.xml:2:1-28:12
	package
		ADDED from src/main/AndroidManifest.xml:3:5-24
		INJECTED from src/main/AndroidManifest.xml
		INJECTED from src/main/AndroidManifest.xml
	android:versionName
		ADDED from src/main/AndroidManifest.xml:5:5-30
		INJECTED from src/main/AndroidManifest.xml
		INJECTED from src/main/AndroidManifest.xml
	android:versionCode
		ADDED from src/main/AndroidManifest.xml:4:5-28
		INJECTED from src/main/AndroidManifest.xml
		INJECTED from src/main/AndroidManifest.xml
	xmlns:android
		ADDED from src/main/AndroidManifest.xml:2:11-69
uses-sdk
ADDED from src/main/AndroidManifest.xml:7:5-43
	android:targetSdkVersion
		INJECTED from src/main/AndroidManifest.xml
		INJECTED from src/main/AndroidManifest.xml
	android:minSdkVersion
		ADDED from src/main/AndroidManifest.xml:7:15-40
		INJECTED from src/main/AndroidManifest.xml
		INJECTED from src/main/AndroidManifest.xml
application
ADDED from src/main/AndroidManifest.xml:9:5-26:19
	android:label
		ADDED from src/main/AndroidManifest.xml:11:9-40
	android:icon
		ADDED from src/main/AndroidManifest.xml:10:9-45
activity#com.st.cs.ListBatchesActivity
ADDED from src/main/AndroidManifest.xml:12:9-19:20
	android:label
		ADDED from src/main/AndroidManifest.xml:13:13-44
	android:name
		ADDED from src/main/AndroidManifest.xml:14:13-48
intent-filter#android.intent.action.MAIN+android.intent.category.LAUNCHER
ADDED from src/main/AndroidManifest.xml:15:13-18:29
action#android.intent.action.MAIN
ADDED from src/main/AndroidManifest.xml:16:17-69
	android:name
		ADDED from src/main/AndroidManifest.xml:16:25-66
category#android.intent.category.LAUNCHER
ADDED from src/main/AndroidManifest.xml:17:17-77
	android:name
		ADDED from src/main/AndroidManifest.xml:17:27-74
activity#com.st.cs.AddBatchActivity
ADDED from src/main/AndroidManifest.xml:21:9-82
	android:label
		ADDED from src/main/AndroidManifest.xml:21:19-44
	android:name
		ADDED from src/main/AndroidManifest.xml:21:47-79
activity#com.st.cs.ListClassesActivity
ADDED from src/main/AndroidManifest.xml:22:9-88
	android:label
		ADDED from src/main/AndroidManifest.xml:22:19-47
	android:name
		ADDED from src/main/AndroidManifest.xml:22:50-85
activity#com.st.cs.AddClassActivity
ADDED from src/main/AndroidManifest.xml:23:9-82
	android:label
		ADDED from src/main/AndroidManifest.xml:23:19-44
	android:name
		ADDED from src/main/AndroidManifest.xml:23:47-79
activity#com.st.cs.UpdateBatchActivity
ADDED from src/main/AndroidManifest.xml:24:9-88
	android:label
		ADDED from src/main/AndroidManifest.xml:24:19-47
	android:name
		ADDED from src/main/AndroidManifest.xml:24:50-85
activity#com.st.cs.UpdateClassActivity
ADDED from src/main/AndroidManifest.xml:25:9-88
	android:label
		ADDED from src/main/AndroidManifest.xml:25:19-47
	android:name
		ADDED from src/main/AndroidManifest.xml:25:50-85